<?xml version="1.0" encoding="UTF-8"?>
<testsuite name="com.framework.test.PlayWrightTest" tests="1" skipped="0" failures="0" errors="0" timestamp="2023-12-11T07:48:27" hostname="jiminkim2-Macbook.local" time="1.638">
  <properties/>
  <testcase name="tc1" classname="com.framework.test.PlayWrightTest" time="1.638"/>
  <system-out><![CDATA[16:48:28.007 [Test worker] INFO  c.framework.listener.AllureListener - tc1 test is starting.
WEB_CHROME_DRIVER
16:48:29.626 [Test worker] INFO  c.framework.listener.AllureListener - tc1 test is succeed.
]]></system-out>
  <system-err><![CDATA[]]></system-err>
</testsuite>
